2015-03-02 00:00:41,054 INFO  [org.jboss.as.repository] (management-handler-thread - 4) JBAS014900: Content added at location /home/mike/Documents/fx-api/wildfly-8.2.0.Final/standalone/data/content/2e/c76ba0115ddf8a993ef12938f807b6f1b9dbac/content
2015-03-02 00:00:41,070 INFO  [org.jboss.as.server.deployment] (MSC service thread 1-3) JBAS015876: Starting deployment of "fx-rest-1.0.war" (runtime-name: "fx-rest-1.0.war")
2015-03-02 00:00:55,554 INFO  [org.jboss.as.jpa] (MSC service thread 1-2) JBAS011401: Read persistence.xml for fxPU
2015-03-02 00:00:59,435 INFO  [org.jboss.as.jpa] (ServerService Thread Pool -- 60) JBAS011409: Starting Persistence Unit (phase 1 of 2) Service 'fx-rest-1.0.war#fxPU'
2015-03-02 00:01:00,970 INFO  [org.hibernate.jpa.internal.util.LogHelper] (ServerService Thread Pool -- 60) HHH000204: Processing PersistenceUnitInfo [
	name: fxPU
	...]
2015-03-02 00:01:05,638 INFO  [org.hibernate.Version] (ServerService Thread Pool -- 60) HHH000412: Hibernate Core {4.3.7.Final}
2015-03-02 00:01:05,764 INFO  [org.hibernate.cfg.Environment] (ServerService Thread Pool -- 60) HHH000206: hibernate.properties not found
2015-03-02 00:01:05,939 INFO  [org.hibernate.cfg.Environment] (ServerService Thread Pool -- 60) HHH000021: Bytecode provider name : javassist
2015-03-02 00:01:10,590 INFO  [org.jboss.weld.deployer] (MSC service thread 1-3) JBAS016002: Processing weld deployment fx-rest-1.0.war
2015-03-02 00:01:14,092 INFO  [org.hibernate.validator.internal.util.Version] (MSC service thread 1-3) HV000001: Hibernate Validator 5.1.3.Final
2015-03-02 00:01:15,287 INFO  [org.jboss.as.ejb3.deployment.processors.EjbJndiBindingsDeploymentUnitProcessor] (MSC service thread 1-3) JNDI bindings for session bean named FxUsersServiceImpl in deployment unit deployment "fx-rest-1.0.war" are as follows:

	java:global/fx-rest-1.0/FxUsersServiceImpl!com.uml.fx.entities.FxUsersService
	java:app/fx-rest-1.0/FxUsersServiceImpl!com.uml.fx.entities.FxUsersService
	java:module/FxUsersServiceImpl!com.uml.fx.entities.FxUsersService
	java:global/fx-rest-1.0/FxUsersServiceImpl
	java:app/fx-rest-1.0/FxUsersServiceImpl
	java:module/FxUsersServiceImpl

2015-03-02 00:01:18,890 INFO  [org.jboss.weld.deployer] (MSC service thread 1-4) JBAS016005: Starting Services for CDI deployment: fx-rest-1.0.war
2015-03-02 00:01:19,879 INFO  [org.jboss.weld.Version] (MSC service thread 1-4) WELD-000900: 2.2.6 (Final)
2015-03-02 00:01:20,408 INFO  [org.jboss.weld.deployer] (MSC service thread 1-4) JBAS016008: Starting weld service for deployment fx-rest-1.0.war
2015-03-02 00:01:23,257 INFO  [org.jboss.as.jpa] (ServerService Thread Pool -- 60) JBAS011409: Starting Persistence Unit (phase 2 of 2) Service 'fx-rest-1.0.war#fxPU'
2015-03-02 00:01:24,789 INFO  [org.hibernate.annotations.common.Version] (ServerService Thread Pool -- 60) HCANN000001: Hibernate Commons Annotations {4.0.4.Final}
2015-03-02 00:01:31,854 INFO  [org.hibernate.dialect.Dialect] (ServerService Thread Pool -- 60) HHH000400: Using dialect: org.hibernate.dialect.MySQL5Dialect
2015-03-02 00:01:33,928 INFO  [org.hibernate.hql.internal.ast.ASTQueryTranslatorFactory] (ServerService Thread Pool -- 60) HHH000397: Using ASTQueryTranslatorFactory
2015-03-02 00:01:39,086 ERROR [org.jboss.msc.service.fail] (ServerService Thread Pool -- 60) MSC000001: Failed to start service jboss.persistenceunit."fx-rest-1.0.war#fxPU": org.jboss.msc.service.StartException in service jboss.persistenceunit."fx-rest-1.0.war#fxPU": javax.persistence.PersistenceException: [PersistenceUnit: fxPU] Unable to build Hibernate SessionFactory
	at org.jboss.as.jpa.service.PersistenceUnitServiceImpl$1$1.run(PersistenceUnitServiceImpl.java:172) [wildfly-jpa-8.2.0.Final.jar:8.2.0.Final]
	at org.jboss.as.jpa.service.PersistenceUnitServiceImpl$1$1.run(PersistenceUnitServiceImpl.java:117) [wildfly-jpa-8.2.0.Final.jar:8.2.0.Final]
	at java.security.AccessController.doPrivileged(Native Method) [rt.jar:1.7.0_51]
	at org.wildfly.security.manager.WildFlySecurityManager.doChecked(WildFlySecurityManager.java:474)
	at org.jboss.as.jpa.service.PersistenceUnitServiceImpl$1.run(PersistenceUnitServiceImpl.java:182) [wildfly-jpa-8.2.0.Final.jar:8.2.0.Final]
	at java.util.concurrent.ThreadPoolExecutor.runWorker(ThreadPoolExecutor.java:1145) [rt.jar:1.7.0_51]
	at java.util.concurrent.ThreadPoolExecutor$Worker.run(ThreadPoolExecutor.java:615) [rt.jar:1.7.0_51]
	at java.lang.Thread.run(Thread.java:744) [rt.jar:1.7.0_51]
	at org.jboss.threads.JBossThread.run(JBossThread.java:122)
Caused by: javax.persistence.PersistenceException: [PersistenceUnit: fxPU] Unable to build Hibernate SessionFactory
	at org.hibernate.jpa.boot.internal.EntityManagerFactoryBuilderImpl.persistenceException(EntityManagerFactoryBuilderImpl.java:1239) [hibernate-entitymanager-4.3.7.Final.jar:4.3.7.Final]
	at org.hibernate.jpa.boot.internal.EntityManagerFactoryBuilderImpl.access$600(EntityManagerFactoryBuilderImpl.java:120) [hibernate-entitymanager-4.3.7.Final.jar:4.3.7.Final]
	at org.hibernate.jpa.boot.internal.EntityManagerFactoryBuilderImpl$4.perform(EntityManagerFactoryBuilderImpl.java:855) [hibernate-entitymanager-4.3.7.Final.jar:4.3.7.Final]
	at org.hibernate.jpa.boot.internal.EntityManagerFactoryBuilderImpl$4.perform(EntityManagerFactoryBuilderImpl.java:845) [hibernate-entitymanager-4.3.7.Final.jar:4.3.7.Final]
	at org.hibernate.boot.registry.classloading.internal.ClassLoaderServiceImpl.withTccl(ClassLoaderServiceImpl.java:398) [hibernate-core-4.3.7.Final.jar:4.3.7.Final]
	at org.hibernate.jpa.boot.internal.EntityManagerFactoryBuilderImpl.build(EntityManagerFactoryBuilderImpl.java:844) [hibernate-entitymanager-4.3.7.Final.jar:4.3.7.Final]
	at org.jboss.as.jpa.hibernate4.TwoPhaseBootstrapImpl.build(TwoPhaseBootstrapImpl.java:44) [jipijapa-hibernate4-3-1.0.1.Final.jar:]
	at org.jboss.as.jpa.service.PersistenceUnitServiceImpl$1$1.run(PersistenceUnitServiceImpl.java:154) [wildfly-jpa-8.2.0.Final.jar:8.2.0.Final]
	... 8 more
Caused by: org.hibernate.MappingException: Could not get constructor for org.hibernate.persister.entity.SingleTableEntityPersister
	at org.hibernate.persister.internal.PersisterFactoryImpl.create(PersisterFactoryImpl.java:185) [hibernate-core-4.3.7.Final.jar:4.3.7.Final]
	at org.hibernate.persister.internal.PersisterFactoryImpl.createEntityPersister(PersisterFactoryImpl.java:135) [hibernate-core-4.3.7.Final.jar:4.3.7.Final]
	at org.hibernate.internal.SessionFactoryImpl.<init>(SessionFactoryImpl.java:401) [hibernate-core-4.3.7.Final.jar:4.3.7.Final]
	at org.hibernate.cfg.Configuration.buildSessionFactory(Configuration.java:1859) [hibernate-core-4.3.7.Final.jar:4.3.7.Final]
	at org.hibernate.jpa.boot.internal.EntityManagerFactoryBuilderImpl$4.perform(EntityManagerFactoryBuilderImpl.java:852) [hibernate-entitymanager-4.3.7.Final.jar:4.3.7.Final]
	... 13 more
Caused by: org.hibernate.HibernateException: Unable to instantiate default tuplizer [org.hibernate.tuple.entity.PojoEntityTuplizer]
	at org.hibernate.tuple.entity.EntityTuplizerFactory.constructTuplizer(EntityTuplizerFactory.java:138) [hibernate-core-4.3.7.Final.jar:4.3.7.Final]
	at org.hibernate.tuple.entity.EntityTuplizerFactory.constructDefaultTuplizer(EntityTuplizerFactory.java:188) [hibernate-core-4.3.7.Final.jar:4.3.7.Final]
	at org.hibernate.tuple.entity.EntityMetamodel.<init>(EntityMetamodel.java:403) [hibernate-core-4.3.7.Final.jar:4.3.7.Final]
	at org.hibernate.persister.entity.AbstractEntityPersister.<init>(AbstractEntityPersister.java:520) [hibernate-core-4.3.7.Final.jar:4.3.7.Final]
	at org.hibernate.persister.entity.SingleTableEntityPersister.<init>(SingleTableEntityPersister.java:148) [hibernate-core-4.3.7.Final.jar:4.3.7.Final]
	at sun.reflect.NativeConstructorAccessorImpl.newInstance0(Native Method) [rt.jar:1.7.0_51]
	at sun.reflect.NativeConstructorAccessorImpl.newInstance(NativeConstructorAccessorImpl.java:57) [rt.jar:1.7.0_51]
	at sun.reflect.DelegatingConstructorAccessorImpl.newInstance(DelegatingConstructorAccessorImpl.java:45) [rt.jar:1.7.0_51]
	at java.lang.reflect.Constructor.newInstance(Constructor.java:526) [rt.jar:1.7.0_51]
	at org.hibernate.persister.internal.PersisterFactoryImpl.create(PersisterFactoryImpl.java:163) [hibernate-core-4.3.7.Final.jar:4.3.7.Final]
	... 17 more
Caused by: java.lang.reflect.InvocationTargetException
	at sun.reflect.NativeConstructorAccessorImpl.newInstance0(Native Method) [rt.jar:1.7.0_51]
	at sun.reflect.NativeConstructorAccessorImpl.newInstance(NativeConstructorAccessorImpl.java:57) [rt.jar:1.7.0_51]
	at sun.reflect.DelegatingConstructorAccessorImpl.newInstance(DelegatingConstructorAccessorImpl.java:45) [rt.jar:1.7.0_51]
	at java.lang.reflect.Constructor.newInstance(Constructor.java:526) [rt.jar:1.7.0_51]
	at org.hibernate.tuple.entity.EntityTuplizerFactory.constructTuplizer(EntityTuplizerFactory.java:135) [hibernate-core-4.3.7.Final.jar:4.3.7.Final]
	... 26 more
Caused by: org.hibernate.PropertyNotFoundException: Could not find a setter for property id in class com.uml.fx.entities.FxUsers
	at org.hibernate.property.BasicPropertyAccessor.createSetter(BasicPropertyAccessor.java:246) [hibernate-core-4.3.7.Final.jar:4.3.7.Final]
	at org.hibernate.property.BasicPropertyAccessor.getSetter(BasicPropertyAccessor.java:240) [hibernate-core-4.3.7.Final.jar:4.3.7.Final]
	at org.hibernate.mapping.Property.getSetter(Property.java:328) [hibernate-core-4.3.7.Final.jar:4.3.7.Final]
	at org.hibernate.tuple.entity.PojoEntityTuplizer.buildPropertySetter(PojoEntityTuplizer.java:416) [hibernate-core-4.3.7.Final.jar:4.3.7.Final]
	at org.hibernate.tuple.entity.AbstractEntityTuplizer.<init>(AbstractEntityTuplizer.java:182) [hibernate-core-4.3.7.Final.jar:4.3.7.Final]
	at org.hibernate.tuple.entity.PojoEntityTuplizer.<init>(PojoEntityTuplizer.java:80) [hibernate-core-4.3.7.Final.jar:4.3.7.Final]
	... 31 more

2015-03-02 00:01:39,618 ERROR [org.jboss.as.controller.management-operation] (management-handler-thread - 4) JBAS014613: Operation ("deploy") failed - address: ({"deployment" => "fx-rest-1.0.war"}) - failure description: {"JBAS014671: Failed services" => {"jboss.persistenceunit.\"fx-rest-1.0.war#fxPU\"" => "org.jboss.msc.service.StartException in service jboss.persistenceunit.\"fx-rest-1.0.war#fxPU\": javax.persistence.PersistenceException: [PersistenceUnit: fxPU] Unable to build Hibernate SessionFactory
    Caused by: javax.persistence.PersistenceException: [PersistenceUnit: fxPU] Unable to build Hibernate SessionFactory
    Caused by: org.hibernate.MappingException: Could not get constructor for org.hibernate.persister.entity.SingleTableEntityPersister
    Caused by: org.hibernate.HibernateException: Unable to instantiate default tuplizer [org.hibernate.tuple.entity.PojoEntityTuplizer]
    Caused by: java.lang.reflect.InvocationTargetException
    Caused by: org.hibernate.PropertyNotFoundException: Could not find a setter for property id in class com.uml.fx.entities.FxUsers"}}
2015-03-02 00:01:39,720 ERROR [org.jboss.as.server] (management-handler-thread - 4) JBAS015870: Deploy of deployment "fx-rest-1.0.war" was rolled back with the following failure message: 
{"JBAS014671: Failed services" => {"jboss.persistenceunit.\"fx-rest-1.0.war#fxPU\"" => "org.jboss.msc.service.StartException in service jboss.persistenceunit.\"fx-rest-1.0.war#fxPU\": javax.persistence.PersistenceException: [PersistenceUnit: fxPU] Unable to build Hibernate SessionFactory
    Caused by: javax.persistence.PersistenceException: [PersistenceUnit: fxPU] Unable to build Hibernate SessionFactory
    Caused by: org.hibernate.MappingException: Could not get constructor for org.hibernate.persister.entity.SingleTableEntityPersister
    Caused by: org.hibernate.HibernateException: Unable to instantiate default tuplizer [org.hibernate.tuple.entity.PojoEntityTuplizer]
    Caused by: java.lang.reflect.InvocationTargetException
    Caused by: org.hibernate.PropertyNotFoundException: Could not find a setter for property id in class com.uml.fx.entities.FxUsers"}}
2015-03-02 00:01:40,008 INFO  [org.jboss.weld.deployer] (MSC service thread 1-1) JBAS016009: Stopping weld service for deployment fx-rest-1.0.war
2015-03-02 00:01:42,745 INFO  [org.jboss.as.jpa] (ServerService Thread Pool -- 60) JBAS011410: Stopping Persistence Unit (phase 1 of 2) Service 'fx-rest-1.0.war#fxPU'
2015-03-02 00:01:43,541 INFO  [org.jboss.as.server.deployment] (MSC service thread 1-2) JBAS015877: Stopped deployment fx-rest-1.0.war (runtime-name: fx-rest-1.0.war) in 3820ms
2015-03-02 00:01:43,551 INFO  [org.jboss.as.controller] (management-handler-thread - 4) JBAS014774: Service status report
JBAS014775:    New missing/unsatisfied dependencies:
      service jboss.deployment.unit."fx-rest-1.0.war".WeldBootstrapService (missing) dependents: [service jboss.undertow.deployment.default-server.default-host."/fx-rest-1.0".UndertowDeploymentInfoService, service jboss.deployment.unit."fx-rest-1.0.war".component."javax.servlet.jsp.jstl.tlv.ScriptFreeTLV".WeldInstantiator, service jboss.deployment.unit."fx-rest-1.0.war".component."com.sun.faces.config.ConfigureListener".WeldInstantiator, service jboss.deployment.unit."fx-rest-1.0.war".component.FxUsersServiceImpl.WeldInterceptorBindingsService, JBAS014799: ... and 8 more ] 
      service jboss.deployment.unit."fx-rest-1.0.war".WeldStartService (missing) dependents: [service jboss.undertow.deployment.default-server.default-host."/fx-rest-1.0".UndertowDeploymentInfoService, service jboss.deployment.unit."fx-rest-1.0.war".component."javax.servlet.jsp.jstl.tlv.ScriptFreeTLV".WeldInstantiator, service jboss.deployment.unit."fx-rest-1.0.war".component."com.sun.faces.config.ConfigureListener".WeldInstantiator, service jboss.deployment.unit."fx-rest-1.0.war".component.FxUsersServiceImpl.WeldInterceptorBindingsService, JBAS014799: ... and 6 more ] 
      service jboss.deployment.unit."fx-rest-1.0.war".component.FxUsersServiceImpl.JndiBindingsService (missing) dependents: [service jboss.deployment.unit."fx-rest-1.0.war".jndiDependencyService] 
      service jboss.deployment.unit."fx-rest-1.0.war".component.FxUsersServiceImpl.START (missing) dependents: [service jboss.undertow.deployment.default-server.default-host."/fx-rest-1.0".UndertowDeploymentInfoService, service jboss.deployment.unit."fx-rest-1.0.war".deploymentCompleteService, service jboss.undertow.deployment.default-server.default-host."/fx-rest-1.0", service jboss.deployment.unit."fx-rest-1.0.war".moduleDeploymentRuntimeInformationStart] 
      service jboss.deployment.unit."fx-rest-1.0.war".component.FxUsersServiceImpl.VIEW."com.uml.fx.entities.FxUsersService".LOCAL (missing) dependents: [service jboss.deployment.unit."fx-rest-1.0.war".component.FxUsersServiceImpl.START] 
      service jboss.deployment.unit."fx-rest-1.0.war".component.FxUsersServiceImpl.WeldInterceptorBindingsService (missing) dependents: [service jboss.deployment.unit."fx-rest-1.0.war".component.FxUsersServiceImpl.WeldInstantiator] 
      service jboss.deployment.unit."fx-rest-1.0.war".component."com.sun.faces.config.ConfigureListener".CREATE (missing) dependents: [service jboss.deployment.unit."fx-rest-1.0.war".component."com.sun.faces.config.ConfigureListener".START] 
      service jboss.deployment.unit."fx-rest-1.0.war".component."com.sun.faces.config.ConfigureListener".JndiBindingsService (missing) dependents: [service jboss.deployment.unit."fx-rest-1.0.war".jndiDependencyService] 
      service jboss.deployment.unit."fx-rest-1.0.war".component."com.sun.faces.config.ConfigureListener".START (missing) dependents: [service jboss.undertow.deployment.default-server.default-host."/fx-rest-1.0".UndertowDeploymentInfoService, service jboss.deployment.unit."fx-rest-1.0.war".deploymentCompleteService, service jboss.undertow.deployment.default-server.default-host."/fx-rest-1.0"] 
      service jboss.deployment.unit."fx-rest-1.0.war".component."com.sun.faces.config.ConfigureListener".WeldInstantiator (missing) dependents: [service jboss.deployment.unit."fx-rest-1.0.war".component."com.sun.faces.config.ConfigureListener".START] 
      service jboss.deployment.unit."fx-rest-1.0.war".component."javax.faces.webapp.FacetTag".CREATE (missing) dependents: [service jboss.deployment.unit."fx-rest-1.0.war".component."javax.faces.webapp.FacetTag".START] 
      service jboss.deployment.unit."fx-rest-1.0.war".component."javax.faces.webapp.FacetTag".JndiBindingsService (missing) dependents: [service jboss.deployment.unit."fx-rest-1.0.war".jndiDependencyService] 
      service jboss.deployment.unit."fx-rest-1.0.war".component."javax.faces.webapp.FacetTag".START (missing) dependents: [service jboss.undertow.deployment.default-server.default-host."/fx-rest-1.0".UndertowDeploymentInfoService, service jboss.deployment.unit."fx-rest-1.0.war".deploymentCompleteService, service jboss.undertow.deployment.default-server.default-host."/fx-rest-1.0"] 
      service jboss.deployment.unit."fx-rest-1.0.war".component."javax.faces.webapp.FacetTag".WeldInstantiator (missing) dependents: [service jboss.deployment.unit."fx-rest-1.0.war".component."javax.faces.webapp.FacetTag".START] 
      service jboss.deployment.unit."fx-rest-1.0.war".component."javax.servlet.jsp.jstl.tlv.PermittedTaglibsTLV".CREATE (missing) dependents: [service jboss.deployment.unit."fx-rest-1.0.war".component."javax.servlet.jsp.jstl.tlv.PermittedTaglibsTLV".START] 
      service jboss.deployment.unit."fx-rest-1.0.war".component."javax.servlet.jsp.jstl.tlv.PermittedTaglibsTLV".JndiBindingsService (missing) dependents: [service jboss.deployment.unit."fx-rest-1.0.war".jndiDependencyService] 
      service jboss.deployment.unit."fx-rest-1.0.war".component."javax.servlet.jsp.jstl.tlv.PermittedTaglibsTLV".START (missing) dependents: [service jboss.undertow.deployment.default-server.default-host."/fx-rest-1.0".UndertowDeploymentInfoService, service jboss.deployment.unit."fx-rest-1.0.war".deploymentCompleteService, service jboss.undertow.deployment.default-server.default-host."/fx-rest-1.0"] 
      service jboss.deployment.unit."fx-rest-1.0.war".component."javax.servlet.jsp.jstl.tlv.PermittedTaglibsTLV".WeldInstantiator (missing) dependents: [service jboss.deployment.unit."fx-rest-1.0.war".component."javax.servlet.jsp.jstl.tlv.PermittedTaglibsTLV".START] 
      service jboss.deployment.unit."fx-rest-1.0.war".component."javax.servlet.jsp.jstl.tlv.ScriptFreeTLV".CREATE (missing) dependents: [service jboss.deployment.unit."fx-rest-1.0.war".component."javax.servlet.jsp.jstl.tlv.ScriptFreeTLV".START] 
      service jboss.deployment.unit."fx-rest-1.0.war".component."javax.servlet.jsp.jstl.tlv.ScriptFreeTLV".JndiBindingsService (missing) dependents: [service jboss.deployment.unit."fx-rest-1.0.war".jndiDependencyService] 
      service jboss.deployment.unit."fx-rest-1.0.war".component."javax.servlet.jsp.jstl.tlv.ScriptFreeTLV".START (missing) dependents: [service jboss.undertow.deployment.default-server.default-host."/fx-rest-1.0".UndertowDeploymentInfoService, service jboss.deployment.unit."fx-rest-1.0.war".deploymentCompleteService, service jboss.undertow.deployment.default-server.default-host."/fx-rest-1.0"] 
      service jboss.deployment.unit."fx-rest-1.0.war".component."javax.servlet.jsp.jstl.tlv.ScriptFreeTLV".WeldInstantiator (missing) dependents: [service jboss.deployment.unit."fx-rest-1.0.war".component."javax.servlet.jsp.jstl.tlv.ScriptFreeTLV".START] 
      service jboss.deployment.unit."fx-rest-1.0.war".component."org.jboss.weld.servlet.WeldInitialListener".CREATE (missing) dependents: [service jboss.deployment.unit."fx-rest-1.0.war".component."org.jboss.weld.servlet.WeldInitialListener".START] 
      service jboss.deployment.unit."fx-rest-1.0.war".component."org.jboss.weld.servlet.WeldInitialListener".JndiBindingsService (missing) dependents: [service jboss.deployment.unit."fx-rest-1.0.war".jndiDependencyService] 
      service jboss.deployment.unit."fx-rest-1.0.war".component."org.jboss.weld.servlet.WeldInitialListener".START (missing) dependents: [service jboss.undertow.deployment.default-server.default-host."/fx-rest-1.0".UndertowDeploymentInfoService, service jboss.deployment.unit."fx-rest-1.0.war".deploymentCompleteService, service jboss.undertow.deployment.default-server.default-host."/fx-rest-1.0"] 
      service jboss.deployment.unit."fx-rest-1.0.war".component."org.jboss.weld.servlet.WeldInitialListener".WeldInstantiator (missing) dependents: [service jboss.deployment.unit."fx-rest-1.0.war".component."org.jboss.weld.servlet.WeldInitialListener".START] 
      service jboss.deployment.unit."fx-rest-1.0.war".component."org.jboss.weld.servlet.WeldTerminalListener".CREATE (missing) dependents: [service jboss.deployment.unit."fx-rest-1.0.war".component."org.jboss.weld.servlet.WeldTerminalListener".START] 
      service jboss.deployment.unit."fx-rest-1.0.war".component."org.jboss.weld.servlet.WeldTerminalListener".JndiBindingsService (missing) dependents: [service jboss.deployment.unit."fx-rest-1.0.war".jndiDependencyService] 
      service jboss.deployment.unit."fx-rest-1.0.war".component."org.jboss.weld.servlet.WeldTerminalListener".START (missing) dependents: [service jboss.undertow.deployment.default-server.default-host."/fx-rest-1.0".UndertowDeploymentInfoService, service jboss.deployment.unit."fx-rest-1.0.war".deploymentCompleteService, service jboss.undertow.deployment.default-server.default-host."/fx-rest-1.0"] 
      service jboss.deployment.unit."fx-rest-1.0.war".component."org.jboss.weld.servlet.WeldTerminalListener".WeldInstantiator (missing) dependents: [service jboss.deployment.unit."fx-rest-1.0.war".component."org.jboss.weld.servlet.WeldTerminalListener".START] 
      service jboss.deployment.unit."fx-rest-1.0.war".ee.ComponentRegistry (missing) dependents: [service jboss.undertow.deployment.default-server.default-host."/fx-rest-1.0".UndertowDeploymentInfoService] 
      service jboss.deployment.unit."fx-rest-1.0.war".jndiDependencyService (missing) dependents: [service jboss.deployment.unit."fx-rest-1.0.war".component."org.jboss.weld.servlet.WeldTerminalListener".START, service jboss.deployment.unit."fx-rest-1.0.war".component."com.sun.faces.config.ConfigureListener".START, service jboss.deployment.unit."fx-rest-1.0.war".component."javax.servlet.jsp.jstl.tlv.ScriptFreeTLV".START, service jboss.deployment.unit."fx-rest-1.0.war".WeldStartService, JBAS014799: ... and 4 more ] 
      service jboss.deployment.unit."fx-rest-1.0.war".moduleDeploymentRuntimeInformation (missing) dependents: [service jboss.deployment.unit."fx-rest-1.0.war".moduleDeploymentRuntimeInformationStart] 
      service jboss.naming.context.java.app."fx-rest-1.0".env (missing) dependents: [service jboss.deployment.unit."fx-rest-1.0.war".jndiDependencyService] 
      service jboss.naming.context.java.module."fx-rest-1.0"."fx-rest-1.0".BeanManager (missing) dependents: [service jboss.deployment.unit."fx-rest-1.0.war".jndiDependencyService] 
      service jboss.naming.context.java.module."fx-rest-1.0"."fx-rest-1.0".DefaultContextService (missing) dependents: [service jboss.deployment.unit."fx-rest-1.0.war".jndiDependencyService] 
      service jboss.naming.context.java.module."fx-rest-1.0"."fx-rest-1.0".DefaultDataSource (missing) dependents: [service jboss.deployment.unit."fx-rest-1.0.war".jndiDependencyService] 
      service jboss.naming.context.java.module."fx-rest-1.0"."fx-rest-1.0".DefaultJMSConnectionFactory (missing) dependents: [service jboss.deployment.unit."fx-rest-1.0.war".jndiDependencyService] 
      service jboss.naming.context.java.module."fx-rest-1.0"."fx-rest-1.0".DefaultManagedExecutorService (missing) dependents: [service jboss.deployment.unit."fx-rest-1.0.war".jndiDependencyService] 
      service jboss.naming.context.java.module."fx-rest-1.0"."fx-rest-1.0".DefaultManagedScheduledExecutorService (missing) dependents: [service jboss.deployment.unit."fx-rest-1.0.war".jndiDependencyService] 
      service jboss.naming.context.java.module."fx-rest-1.0"."fx-rest-1.0".DefaultManagedThreadFactory (missing) dependents: [service jboss.deployment.unit."fx-rest-1.0.war".jndiDependencyService] 
      service jboss.naming.context.java.module."fx-rest-1.0"."fx-rest-1.0".EJBContext (missing) dependents: [service jboss.deployment.unit."fx-rest-1.0.war".jndiDependencyService] 
      service jboss.naming.context.java.module."fx-rest-1.0"."fx-rest-1.0".TimerService (missing) dependents: [service jboss.deployment.unit."fx-rest-1.0.war".jndiDependencyService] 
      service jboss.naming.context.java.module."fx-rest-1.0"."fx-rest-1.0".TransactionSynchronizationRegistry (missing) dependents: [service jboss.deployment.unit."fx-rest-1.0.war".jndiDependencyService] 
      service jboss.naming.context.java.module."fx-rest-1.0"."fx-rest-1.0".UserTransaction (missing) dependents: [service jboss.deployment.unit."fx-rest-1.0.war".jndiDependencyService] 
      service jboss.naming.context.java.module."fx-rest-1.0"."fx-rest-1.0".env (missing) dependents: [service jboss.deployment.unit."fx-rest-1.0.war".jndiDependencyService] 
      service jboss.naming.context.java.module."fx-rest-1.0"."fx-rest-1.0".env."com.uml.fx.entities.FxUsersServiceImpl".em (missing) dependents: [service jboss.deployment.unit."fx-rest-1.0.war".jndiDependencyService] 
      service jboss.persistenceunit."fx-rest-1.0.war#fxPU" (missing) dependents: [service jboss.undertow.deployment.default-server.default-host."/fx-rest-1.0".UndertowDeploymentInfoService, service jboss.naming.context.java.module."fx-rest-1.0"."fx-rest-1.0".env."com.uml.fx.entities.FxUsersServiceImpl".em, service jboss.deployment.unit."fx-rest-1.0.war".component."com.sun.faces.config.ConfigureListener".START, service jboss.deployment.unit."fx-rest-1.0.war".component."javax.servlet.jsp.jstl.tlv.ScriptFreeTLV".START, JBAS014799: ... and 6 more ] 
      service jboss.undertow.deployment.default-server.default-host."/fx-rest-1.0" (missing) dependents: [service jboss.deployment.unit."fx-rest-1.0.war".deploymentCompleteService] 
      service jboss.undertow.deployment.default-server.default-host."/fx-rest-1.0".UndertowDeploymentInfoService (missing) dependents: [service jboss.undertow.deployment.default-server.default-host."/fx-rest-1.0"] 
      service jboss.undertow.deployment.default-server.default-host."/fx-rest-1.0".codec (missing) dependents: [service jboss.undertow.deployment.default-server.default-host."/fx-rest-1.0".UndertowDeploymentInfoService] 
JBAS014777:   Services which failed to start:      service jboss.persistenceunit."fx-rest-1.0.war#fxPU"

2015-03-02 00:07:40,118 INFO  [org.jboss.as.repository] (management-handler-thread - 7) JBAS014900: Content added at location /home/mike/Documents/fx-api/wildfly-8.2.0.Final/standalone/data/content/b8/90fcf7b6360ccd750398793f44512431ec52da/content
2015-03-02 00:07:40,153 INFO  [org.jboss.as.server.deployment] (MSC service thread 1-1) JBAS015876: Starting deployment of "fx-rest-1.0.war" (runtime-name: "fx-rest-1.0.war")
2015-03-02 00:07:40,304 INFO  [org.jboss.as.jpa] (MSC service thread 1-3) JBAS011401: Read persistence.xml for fxPU
2015-03-02 00:07:40,365 INFO  [org.jboss.as.jpa] (ServerService Thread Pool -- 61) JBAS011409: Starting Persistence Unit (phase 1 of 2) Service 'fx-rest-1.0.war#fxPU'
2015-03-02 00:07:40,366 INFO  [org.hibernate.jpa.internal.util.LogHelper] (ServerService Thread Pool -- 61) HHH000204: Processing PersistenceUnitInfo [
	name: fxPU
	...]
2015-03-02 00:07:40,503 INFO  [org.jboss.weld.deployer] (MSC service thread 1-2) JBAS016002: Processing weld deployment fx-rest-1.0.war
2015-03-02 00:07:40,569 INFO  [org.jboss.as.ejb3.deployment.processors.EjbJndiBindingsDeploymentUnitProcessor] (MSC service thread 1-2) JNDI bindings for session bean named FxUsersServiceImpl in deployment unit deployment "fx-rest-1.0.war" are as follows:

	java:global/fx-rest-1.0/FxUsersServiceImpl!com.uml.fx.entities.FxUsersService
	java:app/fx-rest-1.0/FxUsersServiceImpl!com.uml.fx.entities.FxUsersService
	java:module/FxUsersServiceImpl!com.uml.fx.entities.FxUsersService
	java:global/fx-rest-1.0/FxUsersServiceImpl
	java:app/fx-rest-1.0/FxUsersServiceImpl
	java:module/FxUsersServiceImpl

2015-03-02 00:07:40,764 INFO  [org.jboss.weld.deployer] (MSC service thread 1-2) JBAS016005: Starting Services for CDI deployment: fx-rest-1.0.war
2015-03-02 00:07:40,788 INFO  [org.jboss.weld.deployer] (MSC service thread 1-4) JBAS016008: Starting weld service for deployment fx-rest-1.0.war
2015-03-02 00:07:40,801 INFO  [org.jboss.as.jpa] (ServerService Thread Pool -- 61) JBAS011409: Starting Persistence Unit (phase 2 of 2) Service 'fx-rest-1.0.war#fxPU'
2015-03-02 00:07:40,810 INFO  [org.hibernate.dialect.Dialect] (ServerService Thread Pool -- 61) HHH000400: Using dialect: org.hibernate.dialect.MySQL5Dialect
2015-03-02 00:07:41,097 INFO  [org.hibernate.hql.internal.ast.ASTQueryTranslatorFactory] (ServerService Thread Pool -- 61) HHH000397: Using ASTQueryTranslatorFactory
2015-03-02 00:07:41,479 INFO  [org.hibernate.dialect.Dialect] (ServerService Thread Pool -- 61) HHH000400: Using dialect: org.hibernate.dialect.MySQL5Dialect
2015-03-02 00:07:41,717 ERROR [org.jboss.msc.service.fail] (ServerService Thread Pool -- 61) MSC000001: Failed to start service jboss.persistenceunit."fx-rest-1.0.war#fxPU": org.jboss.msc.service.StartException in service jboss.persistenceunit."fx-rest-1.0.war#fxPU": javax.persistence.PersistenceException: Unable to execute JPA schema generation create command [create table n_users (id bigint not null, active integer, can_edit_pages integer, created date, email varchar(255), name varchar(255), password varchar(255), username varchar(255), primary key (id))]
	at org.jboss.as.jpa.service.PersistenceUnitServiceImpl$1$1.run(PersistenceUnitServiceImpl.java:172) [wildfly-jpa-8.2.0.Final.jar:8.2.0.Final]
	at org.jboss.as.jpa.service.PersistenceUnitServiceImpl$1$1.run(PersistenceUnitServiceImpl.java:117) [wildfly-jpa-8.2.0.Final.jar:8.2.0.Final]
	at java.security.AccessController.doPrivileged(Native Method) [rt.jar:1.7.0_51]
	at org.wildfly.security.manager.WildFlySecurityManager.doChecked(WildFlySecurityManager.java:474)
	at org.jboss.as.jpa.service.PersistenceUnitServiceImpl$1.run(PersistenceUnitServiceImpl.java:182) [wildfly-jpa-8.2.0.Final.jar:8.2.0.Final]
	at java.util.concurrent.ThreadPoolExecutor.runWorker(ThreadPoolExecutor.java:1145) [rt.jar:1.7.0_51]
	at java.util.concurrent.ThreadPoolExecutor$Worker.run(ThreadPoolExecutor.java:615) [rt.jar:1.7.0_51]
	at java.lang.Thread.run(Thread.java:744) [rt.jar:1.7.0_51]
	at org.jboss.threads.JBossThread.run(JBossThread.java:122)
Caused by: javax.persistence.PersistenceException: Unable to execute JPA schema generation create command [create table n_users (id bigint not null, active integer, can_edit_pages integer, created date, email varchar(255), name varchar(255), password varchar(255), username varchar(255), primary key (id))]
	at org.hibernate.jpa.internal.schemagen.GenerationTargetToDatabase.acceptCreateCommands(GenerationTargetToDatabase.java:64) [hibernate-entitymanager-4.3.7.Final.jar:4.3.7.Final]
	at org.hibernate.jpa.internal.schemagen.JpaSchemaGenerator.doGeneration(JpaSchemaGenerator.java:507) [hibernate-entitymanager-4.3.7.Final.jar:4.3.7.Final]
	at org.hibernate.jpa.internal.schemagen.JpaSchemaGenerator.access$300(JpaSchemaGenerator.java:69) [hibernate-entitymanager-4.3.7.Final.jar:4.3.7.Final]
	at org.hibernate.jpa.internal.schemagen.JpaSchemaGenerator$Generation.execute(JpaSchemaGenerator.java:184) [hibernate-entitymanager-4.3.7.Final.jar:4.3.7.Final]
	at org.hibernate.jpa.internal.schemagen.JpaSchemaGenerator.performGeneration(JpaSchemaGenerator.java:76) [hibernate-entitymanager-4.3.7.Final.jar:4.3.7.Final]
	at org.hibernate.jpa.boot.internal.EntityManagerFactoryBuilderImpl$4.perform(EntityManagerFactoryBuilderImpl.java:859) [hibernate-entitymanager-4.3.7.Final.jar:4.3.7.Final]
	at org.hibernate.jpa.boot.internal.EntityManagerFactoryBuilderImpl$4.perform(EntityManagerFactoryBuilderImpl.java:845) [hibernate-entitymanager-4.3.7.Final.jar:4.3.7.Final]
	at org.hibernate.boot.registry.classloading.internal.ClassLoaderServiceImpl.withTccl(ClassLoaderServiceImpl.java:398) [hibernate-core-4.3.7.Final.jar:4.3.7.Final]
	at org.hibernate.jpa.boot.internal.EntityManagerFactoryBuilderImpl.build(EntityManagerFactoryBuilderImpl.java:844) [hibernate-entitymanager-4.3.7.Final.jar:4.3.7.Final]
	at org.jboss.as.jpa.hibernate4.TwoPhaseBootstrapImpl.build(TwoPhaseBootstrapImpl.java:44) [jipijapa-hibernate4-3-1.0.1.Final.jar:]
	at org.jboss.as.jpa.service.PersistenceUnitServiceImpl$1$1.run(PersistenceUnitServiceImpl.java:154) [wildfly-jpa-8.2.0.Final.jar:8.2.0.Final]
	... 8 more
Caused by: java.sql.SQLSyntaxErrorException: Table 'n_users' already exists
	at org.mariadb.jdbc.internal.SQLExceptionMapper.get(SQLExceptionMapper.java:138)
	at org.mariadb.jdbc.internal.SQLExceptionMapper.throwException(SQLExceptionMapper.java:106)
	at org.mariadb.jdbc.MySQLStatement.executeQueryEpilog(MySQLStatement.java:264)
	at org.mariadb.jdbc.MySQLStatement.execute(MySQLStatement.java:288)
	at org.mariadb.jdbc.MySQLStatement.execute(MySQLStatement.java:338)
	at org.jboss.jca.adapters.jdbc.WrappedStatement.execute(WrappedStatement.java:157)
	at org.hibernate.jpa.internal.schemagen.GenerationTargetToDatabase.acceptCreateCommands(GenerationTargetToDatabase.java:61) [hibernate-entitymanager-4.3.7.Final.jar:4.3.7.Final]
	... 18 more
Caused by: org.mariadb.jdbc.internal.common.QueryException: Table 'n_users' already exists
	at org.mariadb.jdbc.internal.mysql.MySQLProtocol.getResult(MySQLProtocol.java:942)
	at org.mariadb.jdbc.internal.mysql.MySQLProtocol.executeQuery(MySQLProtocol.java:991)
	at org.mariadb.jdbc.MySQLStatement.execute(MySQLStatement.java:281)
	... 21 more

2015-03-02 00:07:41,735 ERROR [org.jboss.as.controller.management-operation] (management-handler-thread - 7) JBAS014613: Operation ("deploy") failed - address: ({"deployment" => "fx-rest-1.0.war"}) - failure description: {"JBAS014671: Failed services" => {"jboss.persistenceunit.\"fx-rest-1.0.war#fxPU\"" => "org.jboss.msc.service.StartException in service jboss.persistenceunit.\"fx-rest-1.0.war#fxPU\": javax.persistence.PersistenceException: Unable to execute JPA schema generation create command [create table n_users (id bigint not null, active integer, can_edit_pages integer, created date, email varchar(255), name varchar(255), password varchar(255), username varchar(255), primary key (id))]
    Caused by: javax.persistence.PersistenceException: Unable to execute JPA schema generation create command [create table n_users (id bigint not null, active integer, can_edit_pages integer, created date, email varchar(255), name varchar(255), password varchar(255), username varchar(255), primary key (id))]
    Caused by: java.sql.SQLSyntaxErrorException: Table 'n_users' already exists
    Caused by: org.mariadb.jdbc.internal.common.QueryException: Table 'n_users' already exists"}}
2015-03-02 00:07:41,736 ERROR [org.jboss.as.server] (management-handler-thread - 7) JBAS015870: Deploy of deployment "fx-rest-1.0.war" was rolled back with the following failure message: 
{"JBAS014671: Failed services" => {"jboss.persistenceunit.\"fx-rest-1.0.war#fxPU\"" => "org.jboss.msc.service.StartException in service jboss.persistenceunit.\"fx-rest-1.0.war#fxPU\": javax.persistence.PersistenceException: Unable to execute JPA schema generation create command [create table n_users (id bigint not null, active integer, can_edit_pages integer, created date, email varchar(255), name varchar(255), password varchar(255), username varchar(255), primary key (id))]
    Caused by: javax.persistence.PersistenceException: Unable to execute JPA schema generation create command [create table n_users (id bigint not null, active integer, can_edit_pages integer, created date, email varchar(255), name varchar(255), password varchar(255), username varchar(255), primary key (id))]
    Caused by: java.sql.SQLSyntaxErrorException: Table 'n_users' already exists
    Caused by: org.mariadb.jdbc.internal.common.QueryException: Table 'n_users' already exists"}}
2015-03-02 00:07:41,744 INFO  [org.jboss.weld.deployer] (MSC service thread 1-4) JBAS016009: Stopping weld service for deployment fx-rest-1.0.war
2015-03-02 00:07:41,771 INFO  [org.jboss.as.jpa] (ServerService Thread Pool -- 61) JBAS011410: Stopping Persistence Unit (phase 1 of 2) Service 'fx-rest-1.0.war#fxPU'
2015-03-02 00:07:41,781 INFO  [org.jboss.as.server.deployment] (MSC service thread 1-1) JBAS015877: Stopped deployment fx-rest-1.0.war (runtime-name: fx-rest-1.0.war) in 44ms
2015-03-02 00:07:41,783 INFO  [org.jboss.as.controller] (management-handler-thread - 7) JBAS014774: Service status report
JBAS014775:    New missing/unsatisfied dependencies:
      service jboss.deployment.unit."fx-rest-1.0.war".component.FxUsersServiceImpl.CREATE (missing) dependents: [service jboss.deployment.unit."fx-rest-1.0.war".component.FxUsersServiceImpl.START] 
      service jboss.deployment.unit."fx-rest-1.0.war".component.FxUsersServiceImpl.WeldInstantiator (missing) dependents: [service jboss.deployment.unit."fx-rest-1.0.war".component.FxUsersServiceImpl.START] 
      service jboss.deployment.unit."fx-rest-1.0.war".component.FxUsersServiceImpl.ejb.non-functional-timerservice (missing) dependents: [service jboss.deployment.unit."fx-rest-1.0.war".component.FxUsersServiceImpl.START] 
JBAS014776:    Newly corrected services:
      service jboss.deployment.unit."fx-rest-1.0.war".component."javax.servlet.jsp.jstl.tlv.ScriptFreeTLV".WeldInstantiator (no longer required)
      service jboss.undertow.deployment.default-server.default-host."/fx-rest-1.0".UndertowDeploymentInfoService (no longer required)
JBAS014777:   Services which failed to start:      service jboss.persistenceunit."fx-rest-1.0.war#fxPU"

2015-03-02 00:07:47,315 INFO  [org.jboss.as.server.deployment] (MSC service thread 1-1) JBAS015876: Starting deployment of "fx-rest-1.0.war" (runtime-name: "fx-rest-1.0.war")
2015-03-02 00:07:47,375 INFO  [org.jboss.as.jpa] (MSC service thread 1-1) JBAS011401: Read persistence.xml for fxPU
2015-03-02 00:07:47,425 INFO  [org.jboss.as.jpa] (ServerService Thread Pool -- 61) JBAS011409: Starting Persistence Unit (phase 1 of 2) Service 'fx-rest-1.0.war#fxPU'
2015-03-02 00:07:47,426 INFO  [org.hibernate.jpa.internal.util.LogHelper] (ServerService Thread Pool -- 61) HHH000204: Processing PersistenceUnitInfo [
	name: fxPU
	...]
2015-03-02 00:07:47,498 INFO  [org.jboss.weld.deployer] (MSC service thread 1-2) JBAS016002: Processing weld deployment fx-rest-1.0.war
2015-03-02 00:07:47,504 INFO  [org.jboss.as.ejb3.deployment.processors.EjbJndiBindingsDeploymentUnitProcessor] (MSC service thread 1-2) JNDI bindings for session bean named FxUsersServiceImpl in deployment unit deployment "fx-rest-1.0.war" are as follows:

	java:global/fx-rest-1.0/FxUsersServiceImpl!com.uml.fx.entities.FxUsersService
	java:app/fx-rest-1.0/FxUsersServiceImpl!com.uml.fx.entities.FxUsersService
	java:module/FxUsersServiceImpl!com.uml.fx.entities.FxUsersService
	java:global/fx-rest-1.0/FxUsersServiceImpl
	java:app/fx-rest-1.0/FxUsersServiceImpl
	java:module/FxUsersServiceImpl

2015-03-02 00:07:47,551 INFO  [org.jboss.weld.deployer] (MSC service thread 1-4) JBAS016005: Starting Services for CDI deployment: fx-rest-1.0.war
2015-03-02 00:07:47,560 INFO  [org.jboss.weld.deployer] (MSC service thread 1-3) JBAS016008: Starting weld service for deployment fx-rest-1.0.war
2015-03-02 00:07:47,577 INFO  [org.jboss.as.jpa] (ServerService Thread Pool -- 61) JBAS011409: Starting Persistence Unit (phase 2 of 2) Service 'fx-rest-1.0.war#fxPU'
2015-03-02 00:07:47,599 INFO  [org.hibernate.dialect.Dialect] (ServerService Thread Pool -- 61) HHH000400: Using dialect: org.hibernate.dialect.MySQL5Dialect
2015-03-02 00:07:47,609 INFO  [org.hibernate.hql.internal.ast.ASTQueryTranslatorFactory] (ServerService Thread Pool -- 61) HHH000397: Using ASTQueryTranslatorFactory
2015-03-02 00:07:47,662 INFO  [org.hibernate.dialect.Dialect] (ServerService Thread Pool -- 61) HHH000400: Using dialect: org.hibernate.dialect.MySQL5Dialect
2015-03-02 00:07:47,664 ERROR [org.jboss.msc.service.fail] (ServerService Thread Pool -- 61) MSC000001: Failed to start service jboss.persistenceunit."fx-rest-1.0.war#fxPU": org.jboss.msc.service.StartException in service jboss.persistenceunit."fx-rest-1.0.war#fxPU": javax.persistence.PersistenceException: Unable to execute JPA schema generation create command [create table n_users (id bigint not null, active integer, can_edit_pages integer, created date, email varchar(255), name varchar(255), password varchar(255), username varchar(255), primary key (id))]
	at org.jboss.as.jpa.service.PersistenceUnitServiceImpl$1$1.run(PersistenceUnitServiceImpl.java:172) [wildfly-jpa-8.2.0.Final.jar:8.2.0.Final]
	at org.jboss.as.jpa.service.PersistenceUnitServiceImpl$1$1.run(PersistenceUnitServiceImpl.java:117) [wildfly-jpa-8.2.0.Final.jar:8.2.0.Final]
	at java.security.AccessController.doPrivileged(Native Method) [rt.jar:1.7.0_51]
	at org.wildfly.security.manager.WildFlySecurityManager.doChecked(WildFlySecurityManager.java:474)
	at org.jboss.as.jpa.service.PersistenceUnitServiceImpl$1.run(PersistenceUnitServiceImpl.java:182) [wildfly-jpa-8.2.0.Final.jar:8.2.0.Final]
	at java.util.concurrent.ThreadPoolExecutor.runWorker(ThreadPoolExecutor.java:1145) [rt.jar:1.7.0_51]
	at java.util.concurrent.ThreadPoolExecutor$Worker.run(ThreadPoolExecutor.java:615) [rt.jar:1.7.0_51]
	at java.lang.Thread.run(Thread.java:744) [rt.jar:1.7.0_51]
	at org.jboss.threads.JBossThread.run(JBossThread.java:122)
Caused by: javax.persistence.PersistenceException: Unable to execute JPA schema generation create command [create table n_users (id bigint not null, active integer, can_edit_pages integer, created date, email varchar(255), name varchar(255), password varchar(255), username varchar(255), primary key (id))]
	at org.hibernate.jpa.internal.schemagen.GenerationTargetToDatabase.acceptCreateCommands(GenerationTargetToDatabase.java:64) [hibernate-entitymanager-4.3.7.Final.jar:4.3.7.Final]
	at org.hibernate.jpa.internal.schemagen.JpaSchemaGenerator.doGeneration(JpaSchemaGenerator.java:507) [hibernate-entitymanager-4.3.7.Final.jar:4.3.7.Final]
	at org.hibernate.jpa.internal.schemagen.JpaSchemaGenerator.access$300(JpaSchemaGenerator.java:69) [hibernate-entitymanager-4.3.7.Final.jar:4.3.7.Final]
	at org.hibernate.jpa.internal.schemagen.JpaSchemaGenerator$Generation.execute(JpaSchemaGenerator.java:184) [hibernate-entitymanager-4.3.7.Final.jar:4.3.7.Final]
	at org.hibernate.jpa.internal.schemagen.JpaSchemaGenerator.performGeneration(JpaSchemaGenerator.java:76) [hibernate-entitymanager-4.3.7.Final.jar:4.3.7.Final]
	at org.hibernate.jpa.boot.internal.EntityManagerFactoryBuilderImpl$4.perform(EntityManagerFactoryBuilderImpl.java:859) [hibernate-entitymanager-4.3.7.Final.jar:4.3.7.Final]
	at org.hibernate.jpa.boot.internal.EntityManagerFactoryBuilderImpl$4.perform(EntityManagerFactoryBuilderImpl.java:845) [hibernate-entitymanager-4.3.7.Final.jar:4.3.7.Final]
	at org.hibernate.boot.registry.classloading.internal.ClassLoaderServiceImpl.withTccl(ClassLoaderServiceImpl.java:398) [hibernate-core-4.3.7.Final.jar:4.3.7.Final]
	at org.hibernate.jpa.boot.internal.EntityManagerFactoryBuilderImpl.build(EntityManagerFactoryBuilderImpl.java:844) [hibernate-entitymanager-4.3.7.Final.jar:4.3.7.Final]
	at org.jboss.as.jpa.hibernate4.TwoPhaseBootstrapImpl.build(TwoPhaseBootstrapImpl.java:44) [jipijapa-hibernate4-3-1.0.1.Final.jar:]
	at org.jboss.as.jpa.service.PersistenceUnitServiceImpl$1$1.run(PersistenceUnitServiceImpl.java:154) [wildfly-jpa-8.2.0.Final.jar:8.2.0.Final]
	... 8 more
Caused by: java.sql.SQLSyntaxErrorException: Table 'n_users' already exists
	at org.mariadb.jdbc.internal.SQLExceptionMapper.get(SQLExceptionMapper.java:138)
	at org.mariadb.jdbc.internal.SQLExceptionMapper.throwException(SQLExceptionMapper.java:106)
	at org.mariadb.jdbc.MySQLStatement.executeQueryEpilog(MySQLStatement.java:264)
	at org.mariadb.jdbc.MySQLStatement.execute(MySQLStatement.java:288)
	at org.mariadb.jdbc.MySQLStatement.execute(MySQLStatement.java:338)
	at org.jboss.jca.adapters.jdbc.WrappedStatement.execute(WrappedStatement.java:157)
	at org.hibernate.jpa.internal.schemagen.GenerationTargetToDatabase.acceptCreateCommands(GenerationTargetToDatabase.java:61) [hibernate-entitymanager-4.3.7.Final.jar:4.3.7.Final]
	... 18 more
Caused by: org.mariadb.jdbc.internal.common.QueryException: Table 'n_users' already exists
	at org.mariadb.jdbc.internal.mysql.MySQLProtocol.getResult(MySQLProtocol.java:942)
	at org.mariadb.jdbc.internal.mysql.MySQLProtocol.executeQuery(MySQLProtocol.java:991)
	at org.mariadb.jdbc.MySQLStatement.execute(MySQLStatement.java:281)
	... 21 more

2015-03-02 00:07:47,677 ERROR [org.jboss.as.controller.management-operation] (management-handler-thread - 6) JBAS014613: Operation ("deploy") failed - address: ({"deployment" => "fx-rest-1.0.war"}) - failure description: {"JBAS014671: Failed services" => {"jboss.persistenceunit.\"fx-rest-1.0.war#fxPU\"" => "org.jboss.msc.service.StartException in service jboss.persistenceunit.\"fx-rest-1.0.war#fxPU\": javax.persistence.PersistenceException: Unable to execute JPA schema generation create command [create table n_users (id bigint not null, active integer, can_edit_pages integer, created date, email varchar(255), name varchar(255), password varchar(255), username varchar(255), primary key (id))]
    Caused by: javax.persistence.PersistenceException: Unable to execute JPA schema generation create command [create table n_users (id bigint not null, active integer, can_edit_pages integer, created date, email varchar(255), name varchar(255), password varchar(255), username varchar(255), primary key (id))]
    Caused by: java.sql.SQLSyntaxErrorException: Table 'n_users' already exists
    Caused by: org.mariadb.jdbc.internal.common.QueryException: Table 'n_users' already exists"}}
2015-03-02 00:07:47,688 INFO  [org.jboss.weld.deployer] (MSC service thread 1-2) JBAS016009: Stopping weld service for deployment fx-rest-1.0.war
2015-03-02 00:07:47,681 ERROR [org.jboss.as.server] (management-handler-thread - 6) JBAS015870: Deploy of deployment "fx-rest-1.0.war" was rolled back with the following failure message: 
{"JBAS014671: Failed services" => {"jboss.persistenceunit.\"fx-rest-1.0.war#fxPU\"" => "org.jboss.msc.service.StartException in service jboss.persistenceunit.\"fx-rest-1.0.war#fxPU\": javax.persistence.PersistenceException: Unable to execute JPA schema generation create command [create table n_users (id bigint not null, active integer, can_edit_pages integer, created date, email varchar(255), name varchar(255), password varchar(255), username varchar(255), primary key (id))]
    Caused by: javax.persistence.PersistenceException: Unable to execute JPA schema generation create command [create table n_users (id bigint not null, active integer, can_edit_pages integer, created date, email varchar(255), name varchar(255), password varchar(255), username varchar(255), primary key (id))]
    Caused by: java.sql.SQLSyntaxErrorException: Table 'n_users' already exists
    Caused by: org.mariadb.jdbc.internal.common.QueryException: Table 'n_users' already exists"}}
2015-03-02 00:07:47,707 INFO  [org.jboss.as.jpa] (ServerService Thread Pool -- 61) JBAS011410: Stopping Persistence Unit (phase 1 of 2) Service 'fx-rest-1.0.war#fxPU'
2015-03-02 00:07:47,717 INFO  [org.jboss.as.server.deployment] (MSC service thread 1-4) JBAS015877: Stopped deployment fx-rest-1.0.war (runtime-name: fx-rest-1.0.war) in 38ms
2015-03-02 00:07:47,720 INFO  [org.jboss.as.controller] (management-handler-thread - 6) JBAS014774: Service status report
JBAS014775:    New missing/unsatisfied dependencies:
      service jboss.deployment.unit."fx-rest-1.0.war".component."javax.servlet.jsp.jstl.tlv.ScriptFreeTLV".WeldInstantiator (missing) dependents: [service jboss.deployment.unit."fx-rest-1.0.war".component."javax.servlet.jsp.jstl.tlv.ScriptFreeTLV".START] 
      service jboss.undertow.deployment.default-server.default-host."/fx-rest-1.0".UndertowDeploymentInfoService (missing) dependents: [service jboss.undertow.deployment.default-server.default-host."/fx-rest-1.0"] 
JBAS014776:    Newly corrected services:
      service jboss.deployment.unit."fx-rest-1.0.war".component.FxUsersServiceImpl.WeldInterceptorBindingsService (no longer required)
      service jboss.deployment.unit."fx-rest-1.0.war".component."com.sun.faces.config.ConfigureListener".JndiBindingsService (no longer required)
      service jboss.deployment.unit."fx-rest-1.0.war".component."com.sun.faces.config.ConfigureListener".WeldInstantiator (no longer required)
      service jboss.deployment.unit."fx-rest-1.0.war".component."javax.faces.webapp.FacetTag".JndiBindingsService (no longer required)
      service jboss.naming.context.java.app."fx-rest-1.0".env (no longer required)
      service jboss.naming.context.java.module."fx-rest-1.0"."fx-rest-1.0".DefaultContextService (no longer required)
      service jboss.naming.context.java.module."fx-rest-1.0"."fx-rest-1.0".DefaultDataSource (no longer required)
      service jboss.naming.context.java.module."fx-rest-1.0"."fx-rest-1.0".DefaultManagedExecutorService (no longer required)
      service jboss.naming.context.java.module."fx-rest-1.0"."fx-rest-1.0".TimerService (no longer required)
      service jboss.naming.context.java.module."fx-rest-1.0"."fx-rest-1.0".TransactionSynchronizationRegistry (no longer required)
      service jboss.naming.context.java.module."fx-rest-1.0"."fx-rest-1.0".UserTransaction (no longer required)
JBAS014777:   Services which failed to start:      service jboss.persistenceunit."fx-rest-1.0.war#fxPU"

2015-03-02 00:10:17,628 INFO  [org.jboss.as.repository] (management-handler-thread - 11) JBAS014900: Content added at location /home/mike/Documents/fx-api/wildfly-8.2.0.Final/standalone/data/content/c6/129aca080eed19dd8b7d99444ea8eaccfc6f04/content
2015-03-02 00:10:17,720 INFO  [org.jboss.as.server.deployment] (MSC service thread 1-4) JBAS015876: Starting deployment of "fx-rest-1.0.war" (runtime-name: "fx-rest-1.0.war")
2015-03-02 00:10:17,873 INFO  [org.jboss.as.jpa] (MSC service thread 1-2) JBAS011401: Read persistence.xml for fxPU
2015-03-02 00:10:17,958 INFO  [org.jboss.as.jpa] (ServerService Thread Pool -- 62) JBAS011409: Starting Persistence Unit (phase 1 of 2) Service 'fx-rest-1.0.war#fxPU'
2015-03-02 00:10:17,959 INFO  [org.hibernate.jpa.internal.util.LogHelper] (ServerService Thread Pool -- 62) HHH000204: Processing PersistenceUnitInfo [
	name: fxPU
	...]
2015-03-02 00:10:18,390 INFO  [org.jboss.weld.deployer] (MSC service thread 1-3) JBAS016002: Processing weld deployment fx-rest-1.0.war
2015-03-02 00:10:18,554 INFO  [org.jboss.as.ejb3.deployment.processors.EjbJndiBindingsDeploymentUnitProcessor] (MSC service thread 1-3) JNDI bindings for session bean named FxUsersServiceImpl in deployment unit deployment "fx-rest-1.0.war" are as follows:

	java:global/fx-rest-1.0/FxUsersServiceImpl!com.uml.fx.entities.FxUsersService
	java:app/fx-rest-1.0/FxUsersServiceImpl!com.uml.fx.entities.FxUsersService
	java:module/FxUsersServiceImpl!com.uml.fx.entities.FxUsersService
	java:global/fx-rest-1.0/FxUsersServiceImpl
	java:app/fx-rest-1.0/FxUsersServiceImpl
	java:module/FxUsersServiceImpl

2015-03-02 00:10:19,194 INFO  [org.jboss.weld.deployer] (MSC service thread 1-1) JBAS016005: Starting Services for CDI deployment: fx-rest-1.0.war
2015-03-02 00:10:19,230 INFO  [org.jboss.weld.deployer] (MSC service thread 1-2) JBAS016008: Starting weld service for deployment fx-rest-1.0.war
2015-03-02 00:10:19,241 INFO  [org.jboss.as.jpa] (ServerService Thread Pool -- 62) JBAS011409: Starting Persistence Unit (phase 2 of 2) Service 'fx-rest-1.0.war#fxPU'
2015-03-02 00:10:19,249 INFO  [org.hibernate.dialect.Dialect] (ServerService Thread Pool -- 62) HHH000400: Using dialect: org.hibernate.dialect.MySQL5Dialect
2015-03-02 00:10:19,319 INFO  [org.hibernate.hql.internal.ast.ASTQueryTranslatorFactory] (ServerService Thread Pool -- 62) HHH000397: Using ASTQueryTranslatorFactory
2015-03-02 00:10:19,348 INFO  [org.hibernate.dialect.Dialect] (ServerService Thread Pool -- 62) HHH000400: Using dialect: org.hibernate.dialect.MySQL5Dialect
2015-03-02 00:10:36,931 INFO  [org.jboss.resteasy.spi.ResteasyDeployment] (MSC service thread 1-3) Deploying javax.ws.rs.core.Application: class com.uml.fx.rest.ApplicationConfig
2015-03-02 00:10:36,932 INFO  [org.jboss.resteasy.spi.ResteasyDeployment] (MSC service thread 1-3) Adding class resource com.uml.fx.rest.FundsExpert from Application class com.uml.fx.rest.ApplicationConfig
2015-03-02 00:10:36,932 INFO  [org.jboss.resteasy.spi.ResteasyDeployment] (MSC service thread 1-3) Adding provider class com.uml.fx.rest.CORSFilter from Application class com.uml.fx.rest.ApplicationConfig
2015-03-02 00:10:37,308 INFO  [org.wildfly.extension.undertow] (MSC service thread 1-3) JBAS017534: Registered web context: /fx-rest-1.0
2015-03-02 00:10:38,292 INFO  [org.jboss.as.server] (management-handler-thread - 11) JBAS018559: Deployed "fx-rest-1.0.war" (runtime-name : "fx-rest-1.0.war")
2015-03-02 00:10:38,295 INFO  [org.jboss.as.controller] (management-handler-thread - 11) JBAS014774: Service status report
JBAS014776:    Newly corrected services:
      service jboss.deployment.unit."fx-rest-1.0.war".WeldBootstrapService (new available)
      service jboss.deployment.unit."fx-rest-1.0.war".WeldStartService (new available)
      service jboss.deployment.unit."fx-rest-1.0.war".component.FxUsersServiceImpl.CREATE (new available)
      service jboss.deployment.unit."fx-rest-1.0.war".component.FxUsersServiceImpl.JndiBindingsService (new available)
      service jboss.deployment.unit."fx-rest-1.0.war".component.FxUsersServiceImpl.START (new available)
      service jboss.deployment.unit."fx-rest-1.0.war".component.FxUsersServiceImpl.VIEW."com.uml.fx.entities.FxUsersService".LOCAL (new available)
      service jboss.deployment.unit."fx-rest-1.0.war".component.FxUsersServiceImpl.WeldInstantiator (new available)
      service jboss.deployment.unit."fx-rest-1.0.war".component.FxUsersServiceImpl.ejb.non-functional-timerservice (new available)
      service jboss.deployment.unit."fx-rest-1.0.war".component."com.sun.faces.config.ConfigureListener".CREATE (new available)
      service jboss.deployment.unit."fx-rest-1.0.war".component."com.sun.faces.config.ConfigureListener".START (new available)
      service jboss.deployment.unit."fx-rest-1.0.war".component."javax.faces.webapp.FacetTag".CREATE (new available)
      service jboss.deployment.unit."fx-rest-1.0.war".component."javax.faces.webapp.FacetTag".START (new available)
      service jboss.deployment.unit."fx-rest-1.0.war".component."javax.faces.webapp.FacetTag".WeldInstantiator (new available)
      service jboss.deployment.unit."fx-rest-1.0.war".component."javax.servlet.jsp.jstl.tlv.PermittedTaglibsTLV".CREATE (new available)
      service jboss.deployment.unit."fx-rest-1.0.war".component."javax.servlet.jsp.jstl.tlv.PermittedTaglibsTLV".JndiBindingsService (new available)
      service jboss.deployment.unit."fx-rest-1.0.war".component."javax.servlet.jsp.jstl.tlv.PermittedTaglibsTLV".START (new available)
      service jboss.deployment.unit."fx-rest-1.0.war".component."javax.servlet.jsp.jstl.tlv.PermittedTaglibsTLV".WeldInstantiator (new available)
      service jboss.deployment.unit."fx-rest-1.0.war".component."javax.servlet.jsp.jstl.tlv.ScriptFreeTLV".CREATE (new available)
      service jboss.deployment.unit."fx-rest-1.0.war".component."javax.servlet.jsp.jstl.tlv.ScriptFreeTLV".JndiBindingsService (new available)
      service jboss.deployment.unit."fx-rest-1.0.war".component."javax.servlet.jsp.jstl.tlv.ScriptFreeTLV".START (new available)
      service jboss.deployment.unit."fx-rest-1.0.war".component."javax.servlet.jsp.jstl.tlv.ScriptFreeTLV".WeldInstantiator (new available)
      service jboss.deployment.unit."fx-rest-1.0.war".component."org.jboss.weld.servlet.WeldInitialListener".CREATE (new available)
      service jboss.deployment.unit."fx-rest-1.0.war".component."org.jboss.weld.servlet.WeldInitialListener".JndiBindingsService (new available)
      service jboss.deployment.unit."fx-rest-1.0.war".component."org.jboss.weld.servlet.WeldInitialListener".START (new available)
      service jboss.deployment.unit."fx-rest-1.0.war".component."org.jboss.weld.servlet.WeldInitialListener".WeldInstantiator (new available)
      service jboss.deployment.unit."fx-rest-1.0.war".component."org.jboss.weld.servlet.WeldTerminalListener".CREATE (new available)
      service jboss.deployment.unit."fx-rest-1.0.war".component."org.jboss.weld.servlet.WeldTerminalListener".JndiBindingsService (new available)
      service jboss.deployment.unit."fx-rest-1.0.war".component."org.jboss.weld.servlet.WeldTerminalListener".START (new available)
      service jboss.deployment.unit."fx-rest-1.0.war".component."org.jboss.weld.servlet.WeldTerminalListener".WeldInstantiator (new available)
      service jboss.deployment.unit."fx-rest-1.0.war".ee.ComponentRegistry (new available)
      service jboss.deployment.unit."fx-rest-1.0.war".jndiDependencyService (new available)
      service jboss.deployment.unit."fx-rest-1.0.war".moduleDeploymentRuntimeInformation (new available)
      service jboss.naming.context.java.module."fx-rest-1.0"."fx-rest-1.0".BeanManager (new available)
      service jboss.naming.context.java.module."fx-rest-1.0"."fx-rest-1.0".DefaultJMSConnectionFactory (new available)
      service jboss.naming.context.java.module."fx-rest-1.0"."fx-rest-1.0".DefaultManagedScheduledExecutorService (new available)
      service jboss.naming.context.java.module."fx-rest-1.0"."fx-rest-1.0".DefaultManagedThreadFactory (new available)
      service jboss.naming.context.java.module."fx-rest-1.0"."fx-rest-1.0".EJBContext (new available)
      service jboss.naming.context.java.module."fx-rest-1.0"."fx-rest-1.0".env (new available)
      service jboss.naming.context.java.module."fx-rest-1.0"."fx-rest-1.0".env."com.uml.fx.entities.FxUsersServiceImpl".em (new available)
      service jboss.persistenceunit."fx-rest-1.0.war#fxPU" (new available)
      service jboss.undertow.deployment.default-server.default-host."/fx-rest-1.0" (new available)
      service jboss.undertow.deployment.default-server.default-host."/fx-rest-1.0".UndertowDeploymentInfoService (new available)
      service jboss.undertow.deployment.default-server.default-host."/fx-rest-1.0".codec (new available)

2015-03-02 00:16:55,423 INFO  [com.uml.fx.rest.FundsExpert] (default task-1) ABOUT TO CALL DATABASE
